{
  "RSpec": {
    "coverage": {
      "/Users/sejinkim/turing/2module/projects/monster_shop_final_mirror/spec/spec_helper.rb": [
        null,
        null,
        null,
        null,
        null,
        null,
        null,
        null,
        null,
        null,
        null,
        null,
        null,
        null,
        null,
        1,
        null,
        null,
        null,
        1,
        null,
        null,
        null,
        null,
        null,
        null,
        null,
        1,
        null,
        null,
        null,
        null,
        1,
        null,
        null,
        null,
        1,
        null,
        null,
        null,
        null,
        null,
        null,
        null,
        1,
        null,
        null,
        null,
        null,
        null,
        null,
        null,
        null,
        null,
        null,
        null,
        null,
        null,
        null,
        null,
        null,
        null,
        null,
        null,
        null,
        null,
        null,
        null,
        null,
        null,
        null,
        null,
        null,
        null,
        null,
        null,
        null,
        null,
        null,
        null,
        null,
        null,
        null,
        null,
        null,
        null,
        null,
        null,
        null,
        null,
        null,
        null,
        null,
        null,
        null,
        null
      ],
      "/Users/sejinkim/turing/2module/projects/monster_shop_final_mirror/config/environment.rb": [
        null,
        1,
        null,
        null,
        1
      ],
      "/Users/sejinkim/turing/2module/projects/monster_shop_final_mirror/config/application.rb": [
        1,
        null,
        1,
        null,
        1,
        1,
        1,
        1,
        1,
        1,
        1,
        1,
        null,
        null,
        null,
        null,
        1,
        null,
        1,
        1,
        null,
        1,
        null,
        null,
        null,
        null,
        null,
        null,
        1,
        null,
        null
      ],
      "/Users/sejinkim/turing/2module/projects/monster_shop_final_mirror/config/boot.rb": [
        1,
        null,
        1
      ],
      "/Users/sejinkim/turing/2module/projects/monster_shop_final_mirror/config/environments/test.rb": [
        1,
        null,
        null,
        null,
        null,
        null,
        null,
        1,
        null,
        null,
        null,
        null,
        1,
        null,
        null,
        1,
        1,
        null,
        null,
        null,
        null,
        1,
        1,
        null,
        null,
        1,
        null,
        null,
        1,
        1,
        null,
        null,
        null,
        null,
        1,
        null,
        null,
        1,
        null,
        null,
        null,
        null
      ],
      "/Users/sejinkim/turing/2module/projects/monster_shop_final_mirror/config/initializers/application_controller_renderer.rb": [
        null,
        null,
        null,
        null,
        null,
        null,
        null,
        null
      ],
      "/Users/sejinkim/turing/2module/projects/monster_shop_final_mirror/config/initializers/assets.rb": [
        null,
        null,
        null,
        1,
        null,
        null,
        null,
        null,
        1,
        null,
        null,
        null,
        null,
        null
      ],
      "/Users/sejinkim/turing/2module/projects/monster_shop_final_mirror/config/initializers/backtrace_silencers.rb": [
        null,
        null,
        null,
        null,
        null,
        null,
        null
      ],
      "/Users/sejinkim/turing/2module/projects/monster_shop_final_mirror/config/initializers/cookies_serializer.rb": [
        null,
        null,
        null,
        null,
        1
      ],
      "/Users/sejinkim/turing/2module/projects/monster_shop_final_mirror/config/initializers/filter_parameter_logging.rb": [
        null,
        null,
        null,
        1
      ],
      "/Users/sejinkim/turing/2module/projects/monster_shop_final_mirror/config/initializers/inflections.rb": [
        null,
        null,
        null,
        null,
        null,
        null,
        null,
        null,
        null,
        null,
        null,
        null,
        null,
        null,
        null,
        null
      ],
      "/Users/sejinkim/turing/2module/projects/monster_shop_final_mirror/config/initializers/mime_types.rb": [
        null,
        null,
        null,
        null
      ],
      "/Users/sejinkim/turing/2module/projects/monster_shop_final_mirror/config/initializers/wrap_parameters.rb": [
        null,
        null,
        null,
        null,
        null,
        null,
        1,
        2,
        null,
        null,
        null,
        null,
        null,
        null
      ],
      "/Users/sejinkim/turing/2module/projects/monster_shop_final_mirror/config/routes.rb": [
        1,
        null,
        1,
        null,
        1,
        1,
        null,
        null,
        1,
        1,
        null,
        null,
        1,
        null,
        1,
        1,
        1,
        1,
        1,
        null,
        1,
        1,
        1,
        1,
        1,
        1,
        1,
        1,
        1,
        1,
        1,
        1,
        1,
        1,
        1,
        1,
        1,
        null,
        1,
        1,
        1,
        null,
        1,
        1,
        1,
        1,
        1,
        1,
        null,
        null,
        1,
        1,
        1,
        1,
        1,
        null,
        null
      ],
      "/Users/sejinkim/turing/2module/projects/monster_shop_final_mirror/app/helpers/application_helper.rb": [
        1,
        null
      ],
      "/Users/sejinkim/turing/2module/projects/monster_shop_final_mirror/app/models/user.rb": [
        1,
        1,
        null,
        1,
        1,
        1,
        null,
        1,
        null,
        null,
        1,
        null,
        1,
        null,
        1,
        0,
        null,
        null,
        1,
        0,
        null,
        null,
        null
      ],
      "/Users/sejinkim/turing/2module/projects/monster_shop_final_mirror/app/models/application_record.rb": [
        1,
        1,
        null
      ],
      "/Users/sejinkim/turing/2module/projects/monster_shop_final_mirror/app/models/address.rb": [
        1,
        1,
        1,
        null,
        1,
        1,
        1,
        1,
        1,
        1,
        null,
        1,
        null
      ],
      "/Users/sejinkim/turing/2module/projects/monster_shop_final_mirror/app/controllers/sessions_controller.rb": [
        1,
        1,
        3,
        0,
        0,
        null,
        null,
        null,
        1,
        3,
        3,
        3,
        null,
        0,
        0,
        null,
        null,
        null,
        1,
        0,
        0,
        0,
        0,
        null,
        null,
        1,
        null,
        1,
        3,
        3,
        0,
        3,
        0,
        null,
        3,
        null,
        null,
        null
      ],
      "/Users/sejinkim/turing/2module/projects/monster_shop_final_mirror/app/controllers/application_controller.rb": [
        1,
        1,
        null,
        1,
        null,
        null,
        null,
        null,
        1,
        14,
        null,
        null,
        1,
        189,
        null,
        null,
        1,
        14,
        null,
        null,
        1,
        28,
        null,
        null,
        1,
        13,
        null,
        null,
        1,
        0,
        null,
        null,
        1,
        0,
        null,
        null,
        1,
        3,
        null,
        null
      ],
      "/Users/sejinkim/turing/2module/projects/monster_shop_final_mirror/app/models/cart.rb": [
        1,
        1,
        null,
        1,
        14,
        14,
        null,
        null,
        1,
        0,
        null,
        null,
        1,
        0,
        null,
        null,
        1,
        14,
        null,
        null,
        1,
        0,
        0,
        null,
        null,
        null,
        1,
        0,
        0,
        0,
        null,
        0,
        null,
        null,
        1,
        0,
        null,
        null,
        1,
        0,
        null,
        null,
        1,
        0,
        null,
        null
      ],
      "/Users/sejinkim/turing/2module/projects/monster_shop_final_mirror/app/controllers/users_controller.rb": [
        1,
        1,
        1,
        null,
        1,
        3,
        null,
        null,
        1,
        0,
        null,
        null,
        1,
        0,
        0,
        0,
        0,
        0,
        0,
        null,
        0,
        0,
        0,
        null,
        null,
        null,
        1,
        0,
        null,
        null,
        1,
        0,
        null,
        null,
        1,
        0,
        0,
        0,
        0,
        null,
        0,
        0,
        null,
        null,
        null,
        1,
        null,
        1,
        0,
        null,
        null,
        1,
        0,
        null,
        null
      ],
      "/Users/sejinkim/turing/2module/projects/monster_shop_final_mirror/app/controllers/user/addresses_controller.rb": [
        1,
        1,
        null,
        1,
        5,
        null,
        null,
        1,
        0,
        null,
        null,
        1,
        0,
        0,
        0,
        0,
        null,
        0,
        0,
        null,
        null,
        null,
        1,
        3,
        2,
        null,
        1,
        1,
        null,
        null,
        null,
        1,
        2,
        1,
        1,
        null,
        1,
        1,
        null,
        null,
        null,
        1,
        0,
        0,
        0,
        null,
        0,
        null,
        0,
        null,
        null,
        1,
        null,
        1,
        2,
        null,
        null,
        1,
        5,
        null,
        null
      ],
      "/Users/sejinkim/turing/2module/projects/monster_shop_final_mirror/app/controllers/user/base_controller.rb": [
        1,
        1,
        null
      ],
      "/Users/sejinkim/turing/2module/projects/monster_shop_final_mirror/app/models/order.rb": [
        1,
        1,
        1,
        1,
        1,
        null,
        1,
        null,
        1,
        0,
        null,
        null,
        1,
        0,
        null,
        null,
        1,
        0,
        0,
        0,
        0,
        null,
        null,
        null,
        1,
        null,
        null,
        null,
        0,
        null,
        null,
        1,
        null,
        null,
        null,
        0,
        null,
        null,
        1,
        0,
        null,
        null,
        1,
        0,
        null,
        null
      ]
    },
    "timestamp": 1564350260
  }
}
